2020-08-19 13:55:29.761626 >>> {command: get_health}
2020-08-19 13:55:30.656242 <<< {isError: false, response: {status: ok}, type: _extensionType, method: ext.flutter.driver}
2020-08-19 13:55:30.666249 >>> {command: waitForCondition, timeout: 30000, conditionName: NoTransientCallbacksCondition}
2020-08-19 13:55:30.695395 <<< {isError: false, response: null, type: _extensionType, method: ext.flutter.driver}
2020-08-19 13:55:30.696242 >>> {command: get_text, timeout: 30000, finderType: ByValueKey, keyValueString: counter, keyValueType: String}
2020-08-19 13:55:30.757164 <<< {isError: false, response: {text: 0}, type: _extensionType, method: ext.flutter.driver}
2020-08-19 13:55:30.761235 >>> {command: tap, timeout: 30000, finderType: ByValueKey, keyValueString: increment, keyValueType: String}
2020-08-19 13:55:31.105990 <<< {isError: false, response: {}, type: _extensionType, method: ext.flutter.driver}
2020-08-19 13:55:31.111529 >>> {command: waitForCondition, timeout: 30000, conditionName: NoTransientCallbacksCondition}
2020-08-19 13:55:31.356430 <<< {isError: false, response: null, type: _extensionType, method: ext.flutter.driver}
2020-08-19 13:55:31.362716 >>> {command: tap, timeout: 30000, finderType: ByValueKey, keyValueString: increment, keyValueType: String}
2020-08-19 13:55:31.394279 <<< {isError: false, response: {}, type: _extensionType, method: ext.flutter.driver}
2020-08-19 13:55:31.395325 >>> {command: waitForCondition, timeout: 30000, conditionName: NoTransientCallbacksCondition}
2020-08-19 13:55:31.644546 <<< {isError: false, response: null, type: _extensionType, method: ext.flutter.driver}
2020-08-19 13:55:31.650550 >>> {command: tap, timeout: 30000, finderType: ByValueKey, keyValueString: increment, keyValueType: String}
2020-08-19 13:55:31.717492 <<< {isError: false, response: {}, type: _extensionType, method: ext.flutter.driver}
2020-08-19 13:55:31.719910 >>> {command: waitForCondition, timeout: 30000, conditionName: NoTransientCallbacksCondition}
2020-08-19 13:55:31.963467 <<< {isError: false, response: null, type: _extensionType, method: ext.flutter.driver}
2020-08-19 13:55:31.969746 >>> {command: tap, timeout: 30000, finderType: ByValueKey, keyValueString: increment, keyValueType: String}
2020-08-19 13:55:32.036833 <<< {isError: false, response: {}, type: _extensionType, method: ext.flutter.driver}
2020-08-19 13:55:32.039389 >>> {command: waitForCondition, timeout: 30000, conditionName: NoTransientCallbacksCondition}
2020-08-19 13:55:32.295411 <<< {isError: false, response: null, type: _extensionType, method: ext.flutter.driver}
2020-08-19 13:55:32.301258 >>> {command: tap, timeout: 30000, finderType: ByValueKey, keyValueString: increment, keyValueType: String}
2020-08-19 13:55:32.363123 <<< {isError: false, response: {}, type: _extensionType, method: ext.flutter.driver}
2020-08-19 13:55:32.365547 >>> {command: waitForCondition, timeout: 30000, conditionName: NoTransientCallbacksCondition}
2020-08-19 13:55:32.609738 <<< {isError: false, response: null, type: _extensionType, method: ext.flutter.driver}
2020-08-19 13:55:32.616 >>> {command: tap, timeout: 30000, finderType: ByValueKey, keyValueString: increment, keyValueType: String}
2020-08-19 13:55:32.698767 <<< {isError: false, response: {}, type: _extensionType, method: ext.flutter.driver}
2020-08-19 13:55:32.701460 >>> {command: waitForCondition, timeout: 30000, conditionName: NoTransientCallbacksCondition}
2020-08-19 13:55:32.934655 <<< {isError: false, response: null, type: _extensionType, method: ext.flutter.driver}
2020-08-19 13:55:32.940323 >>> {command: tap, timeout: 30000, finderType: ByValueKey, keyValueString: increment, keyValueType: String}
2020-08-19 13:55:32.975460 <<< {isError: false, response: {}, type: _extensionType, method: ext.flutter.driver}
2020-08-19 13:55:32.975988 >>> {command: waitForCondition, timeout: 30000, conditionName: NoTransientCallbacksCondition}
2020-08-19 13:55:33.220473 <<< {isError: false, response: null, type: _extensionType, method: ext.flutter.driver}
2020-08-19 13:55:33.222814 >>> {command: tap, timeout: 30000, finderType: ByValueKey, keyValueString: increment, keyValueType: String}
2020-08-19 13:55:33.277469 <<< {isError: false, response: {}, type: _extensionType, method: ext.flutter.driver}
2020-08-19 13:55:33.279603 >>> {command: waitForCondition, timeout: 30000, conditionName: NoTransientCallbacksCondition}
2020-08-19 13:55:33.513810 <<< {isError: false, response: null, type: _extensionType, method: ext.flutter.driver}
2020-08-19 13:55:33.519700 >>> {command: tap, timeout: 30000, finderType: ByValueKey, keyValueString: increment, keyValueType: String}
2020-08-19 13:55:33.564633 <<< {isError: false, response: {}, type: _extensionType, method: ext.flutter.driver}
2020-08-19 13:55:33.566971 >>> {command: waitForCondition, timeout: 30000, conditionName: NoTransientCallbacksCondition}
2020-08-19 13:55:33.802284 <<< {isError: false, response: null, type: _extensionType, method: ext.flutter.driver}
2020-08-19 13:55:33.808458 >>> {command: tap, timeout: 30000, finderType: ByValueKey, keyValueString: increment, keyValueType: String}
2020-08-19 13:55:33.858265 <<< {isError: false, response: {}, type: _extensionType, method: ext.flutter.driver}
2020-08-19 13:55:33.860901 >>> {command: waitForCondition, timeout: 30000, conditionName: NoTransientCallbacksCondition}
2020-08-19 13:55:34.093506 <<< {isError: false, response: null, type: _extensionType, method: ext.flutter.driver}
2020-08-19 13:55:34.101152 >>> {command: waitForCondition, timeout: 30000, conditionName: NoTransientCallbacksCondition}
2020-08-19 13:55:34.113871 <<< {isError: false, response: null, type: _extensionType, method: ext.flutter.driver}
2020-08-19 13:55:34.114708 >>> {command: get_text, timeout: 30000, finderType: ByValueKey, keyValueString: counter, keyValueType: String}
2020-08-19 13:55:34.132746 <<< {isError: false, response: {text: 10}, type: _extensionType, method: ext.flutter.driver}
2020-08-19 13:55:34.134303 >>> {command: waitForCondition, timeout: 5000, conditionName: NoTransientCallbacksCondition}
2020-08-19 13:55:34.145469 <<< {isError: false, response: null, type: _extensionType, method: ext.flutter.driver}
2020-08-19 17:17:37.191223 >>> {command: get_health}
2020-08-19 17:17:37.991310 <<< {isError: false, response: {status: ok}, type: _extensionType, method: ext.flutter.driver}
2020-08-19 17:17:37.998315 >>> {command: waitForCondition, timeout: 30000, conditionName: NoTransientCallbacksCondition}
2020-08-19 17:17:38.031237 <<< {isError: false, response: null, type: _extensionType, method: ext.flutter.driver}
2020-08-19 17:17:38.031995 >>> {command: get_text, timeout: 30000, finderType: ByValueKey, keyValueString: counter, keyValueType: String}
2020-08-19 17:17:38.127907 <<< {isError: false, response: {text: 0}, type: _extensionType, method: ext.flutter.driver}
2020-08-19 17:17:38.131041 >>> {command: scrollIntoView, finderType: ByValueKey, keyValueString: increment, keyValueType: String, alignment: 0.0}
2020-08-19 17:17:38.185222 <<< {isError: false, response: {}, type: _extensionType, method: ext.flutter.driver}
2020-08-19 17:17:38.187846 >>> {command: tap, timeout: 30000, finderType: ByValueKey, keyValueString: increment, keyValueType: String}
2020-08-19 17:17:38.520375 <<< {isError: false, response: {}, type: _extensionType, method: ext.flutter.driver}
2020-08-19 17:17:38.526691 >>> {command: waitForCondition, timeout: 30000, conditionName: NoTransientCallbacksCondition}
2020-08-19 17:17:38.758470 <<< {isError: false, response: null, type: _extensionType, method: ext.flutter.driver}
2020-08-19 17:17:38.761608 >>> {command: scrollIntoView, finderType: ByValueKey, keyValueString: increment, keyValueType: String, alignment: 0.0}
2020-08-19 17:17:38.788017 <<< {isError: false, response: {}, type: _extensionType, method: ext.flutter.driver}
2020-08-19 17:17:38.788714 >>> {command: tap, timeout: 30000, finderType: ByValueKey, keyValueString: increment, keyValueType: String}
2020-08-19 17:17:38.839677 <<< {isError: false, response: {}, type: _extensionType, method: ext.flutter.driver}
2020-08-19 17:17:38.842514 >>> {command: waitForCondition, timeout: 30000, conditionName: NoTransientCallbacksCondition}
2020-08-19 17:17:39.078568 <<< {isError: false, response: null, type: _extensionType, method: ext.flutter.driver}
2020-08-19 17:17:39.086171 >>> {command: waitForCondition, timeout: 30000, conditionName: NoTransientCallbacksCondition}
2020-08-19 17:17:39.109383 <<< {isError: false, response: null, type: _extensionType, method: ext.flutter.driver}
2020-08-19 17:17:39.110224 >>> {command: get_text, timeout: 30000, finderType: ByValueKey, keyValueString: counter, keyValueType: String}
2020-08-19 17:17:39.139206 <<< {isError: false, response: {text: 2}, type: _extensionType, method: ext.flutter.driver}
2020-08-19 17:17:39.140880 >>> {command: waitForCondition, timeout: 5000, conditionName: NoTransientCallbacksCondition}
2020-08-19 17:17:39.165159 <<< {isError: false, response: null, type: _extensionType, method: ext.flutter.driver}
2020-08-19 17:28:54.480310 >>> {command: get_health}
2020-08-19 17:28:54.618340 <<< {isError: false, response: {status: ok}, type: _extensionType, method: ext.flutter.driver}
2020-08-19 17:28:54.624435 >>> {command: waitForCondition, timeout: 30000, conditionName: NoTransientCallbacksCondition}
2020-08-19 17:28:54.790246 <<< {isError: true, response: Uncaught extension error while executing waitForCondition: 'package:flutter_driver/src/extension/extension.dart': Failed assertion: line 214 pos 14: 'WidgetsBinding.instance.isRootWidgetAttached || !command.requiresRootWidgetAttached': No root widget is attached; have you remembered to call runApp()?
#0      _AssertionError._doThrowNew (dart:core-patch/errors_patch.dart:46:39)
#1      _AssertionError._throwNew (dart:core-patch/errors_patch.dart:36:5)
#2      FlutterDriverExtension.call (package:flutter_driver/src/extension/extension.dart:214:14)
#3      BindingBase.registerServiceExtension.<anonymous closure> (package:flutter/src/foundation/binding.dart:549:32)
<asynchronous suspension>
#4      BindingBase.registerServiceExtension.<anonymous closure> (package:flutter/src/foundation/binding.dart)
#5      _runExtension (dart:developer-patch/developer.dart:84:23)
, type: _extensionType, method: ext.flutter.driver}
2020-08-19 17:28:54.796655 >>> {command: get_text, timeout: 30000, finderType: ByValueKey, keyValueString: counter, keyValueType: String}
2020-08-19 17:28:54.830047 <<< {isError: true, response: Uncaught extension error while executing get_text: 'package:flutter_driver/src/extension/extension.dart': Failed assertion: line 214 pos 14: 'WidgetsBinding.instance.isRootWidgetAttached || !command.requiresRootWidgetAttached': No root widget is attached; have you remembered to call runApp()?
#0      _AssertionError._doThrowNew (dart:core-patch/errors_patch.dart:46:39)
#1      _AssertionError._throwNew (dart:core-patch/errors_patch.dart:36:5)
#2      FlutterDriverExtension.call (package:flutter_driver/src/extension/extension.dart:214:14)
#3      BindingBase.registerServiceExtension.<anonymous closure> (package:flutter/src/foundation/binding.dart:549:32)
<asynchronous suspension>
#4      BindingBase.registerServiceExtension.<anonymous closure> (package:flutter/src/foundation/binding.dart)
#5      _runExtension (dart:developer-patch/developer.dart:84:23)
, type: _extensionType, method: ext.flutter.driver}
2020-08-19 17:28:54.832966 >>> {command: waitForCondition, timeout: 5000, conditionName: NoTransientCallbacksCondition}
2020-08-19 17:28:54.854640 <<< {isError: true, response: Uncaught extension error while executing waitForCondition: 'package:flutter_driver/src/extension/extension.dart': Failed assertion: line 214 pos 14: 'WidgetsBinding.instance.isRootWidgetAttached || !command.requiresRootWidgetAttached': No root widget is attached; have you remembered to call runApp()?
#0      _AssertionError._doThrowNew (dart:core-patch/errors_patch.dart:46:39)
#1      _AssertionError._throwNew (dart:core-patch/errors_patch.dart:36:5)
#2      FlutterDriverExtension.call (package:flutter_driver/src/extension/extension.dart:214:14)
#3      BindingBase.registerServiceExtension.<anonymous closure> (package:flutter/src/foundation/binding.dart:549:32)
<asynchronous suspension>
#4      BindingBase.registerServiceExtension.<anonymous closure> (package:flutter/src/foundation/binding.dart)
#5      _runExtension (dart:developer-patch/developer.dart:84:23)
, type: _extensionType, method: ext.flutter.driver}
