2020-08-19 13:55:38.378536 >>> {command: get_health}
2020-08-19 13:55:39.149577 <<< {isError: false, response: {status: ok}, type: _extensionType, method: ext.flutter.driver}
2020-08-19 13:55:39.158747 >>> {command: waitForCondition, timeout: 30000, conditionName: NoTransientCallbacksCondition}
2020-08-19 13:55:39.192054 <<< {isError: false, response: null, type: _extensionType, method: ext.flutter.driver}
2020-08-19 13:55:39.192625 >>> {command: get_text, timeout: 30000, finderType: ByValueKey, keyValueString: counter, keyValueType: String}
2020-08-19 13:55:39.268147 <<< {isError: false, response: {text: 0}, type: _extensionType, method: ext.flutter.driver}
2020-08-19 13:55:39.271808 >>> {command: tap, timeout: 30000, finderType: ByValueKey, keyValueString: increment, keyValueType: String}
2020-08-19 13:55:39.595556 <<< {isError: false, response: {}, type: _extensionType, method: ext.flutter.driver}
2020-08-19 13:55:39.601066 >>> {command: waitForCondition, timeout: 30000, conditionName: NoTransientCallbacksCondition}
2020-08-19 13:55:39.877801 <<< {isError: false, response: null, type: _extensionType, method: ext.flutter.driver}
2020-08-19 13:55:39.883530 >>> {command: tap, timeout: 30000, finderType: ByValueKey, keyValueString: increment, keyValueType: String}
2020-08-19 13:55:39.938334 <<< {isError: false, response: {}, type: _extensionType, method: ext.flutter.driver}
2020-08-19 13:55:39.938842 >>> {command: waitForCondition, timeout: 30000, conditionName: NoTransientCallbacksCondition}
2020-08-19 13:55:40.187431 <<< {isError: false, response: null, type: _extensionType, method: ext.flutter.driver}
2020-08-19 13:55:40.193724 >>> {command: tap, timeout: 30000, finderType: ByValueKey, keyValueString: increment, keyValueType: String}
2020-08-19 13:55:40.259250 <<< {isError: false, response: {}, type: _extensionType, method: ext.flutter.driver}
2020-08-19 13:55:40.261599 >>> {command: waitForCondition, timeout: 30000, conditionName: NoTransientCallbacksCondition}
2020-08-19 13:55:40.520865 <<< {isError: false, response: null, type: _extensionType, method: ext.flutter.driver}
2020-08-19 13:55:40.527197 >>> {command: tap, timeout: 30000, finderType: ByValueKey, keyValueString: increment, keyValueType: String}
2020-08-19 13:55:40.594419 <<< {isError: false, response: {}, type: _extensionType, method: ext.flutter.driver}
2020-08-19 13:55:40.596935 >>> {command: waitForCondition, timeout: 30000, conditionName: NoTransientCallbacksCondition}
2020-08-19 13:55:40.857311 <<< {isError: false, response: null, type: _extensionType, method: ext.flutter.driver}
2020-08-19 13:55:40.863187 >>> {command: tap, timeout: 30000, finderType: ByValueKey, keyValueString: increment, keyValueType: String}
2020-08-19 13:55:40.928532 <<< {isError: false, response: {}, type: _extensionType, method: ext.flutter.driver}
2020-08-19 13:55:40.931022 >>> {command: waitForCondition, timeout: 30000, conditionName: NoTransientCallbacksCondition}
2020-08-19 13:55:41.175650 <<< {isError: false, response: null, type: _extensionType, method: ext.flutter.driver}
2020-08-19 13:55:41.181386 >>> {command: tap, timeout: 30000, finderType: ByValueKey, keyValueString: increment, keyValueType: String}
2020-08-19 13:55:41.241284 <<< {isError: false, response: {}, type: _extensionType, method: ext.flutter.driver}
2020-08-19 13:55:41.243818 >>> {command: waitForCondition, timeout: 30000, conditionName: NoTransientCallbacksCondition}
2020-08-19 13:55:41.474546 <<< {isError: false, response: null, type: _extensionType, method: ext.flutter.driver}
2020-08-19 13:55:41.480499 >>> {command: tap, timeout: 30000, finderType: ByValueKey, keyValueString: increment, keyValueType: String}
2020-08-19 13:55:41.531592 <<< {isError: false, response: {}, type: _extensionType, method: ext.flutter.driver}
2020-08-19 13:55:41.532342 >>> {command: waitForCondition, timeout: 30000, conditionName: NoTransientCallbacksCondition}
2020-08-19 13:55:41.771089 <<< {isError: false, response: null, type: _extensionType, method: ext.flutter.driver}
2020-08-19 13:55:41.777303 >>> {command: tap, timeout: 30000, finderType: ByValueKey, keyValueString: increment, keyValueType: String}
2020-08-19 13:55:41.828420 <<< {isError: false, response: {}, type: _extensionType, method: ext.flutter.driver}
2020-08-19 13:55:41.830988 >>> {command: waitForCondition, timeout: 30000, conditionName: NoTransientCallbacksCondition}
2020-08-19 13:55:42.067365 <<< {isError: false, response: null, type: _extensionType, method: ext.flutter.driver}
2020-08-19 13:55:42.073471 >>> {command: tap, timeout: 30000, finderType: ByValueKey, keyValueString: increment, keyValueType: String}
2020-08-19 13:55:42.117827 <<< {isError: false, response: {}, type: _extensionType, method: ext.flutter.driver}
2020-08-19 13:55:42.120548 >>> {command: waitForCondition, timeout: 30000, conditionName: NoTransientCallbacksCondition}
2020-08-19 13:55:42.350816 <<< {isError: false, response: null, type: _extensionType, method: ext.flutter.driver}
2020-08-19 13:55:42.357020 >>> {command: tap, timeout: 30000, finderType: ByValueKey, keyValueString: increment, keyValueType: String}
2020-08-19 13:55:42.401920 <<< {isError: false, response: {}, type: _extensionType, method: ext.flutter.driver}
2020-08-19 13:55:42.404257 >>> {command: waitForCondition, timeout: 30000, conditionName: NoTransientCallbacksCondition}
2020-08-19 13:55:42.633543 <<< {isError: false, response: null, type: _extensionType, method: ext.flutter.driver}
2020-08-19 13:55:42.639761 >>> {command: tap, timeout: 30000, finderType: ByValueKey, keyValueString: increment, keyValueType: String}
2020-08-19 13:55:42.684125 <<< {isError: false, response: {}, type: _extensionType, method: ext.flutter.driver}
2020-08-19 13:55:42.686873 >>> {command: waitForCondition, timeout: 30000, conditionName: NoTransientCallbacksCondition}
2020-08-19 13:55:42.926511 <<< {isError: false, response: null, type: _extensionType, method: ext.flutter.driver}
2020-08-19 13:55:42.932133 >>> {command: tap, timeout: 30000, finderType: ByValueKey, keyValueString: increment, keyValueType: String}
2020-08-19 13:55:42.958264 <<< {isError: false, response: {}, type: _extensionType, method: ext.flutter.driver}
2020-08-19 13:55:42.958732 >>> {command: waitForCondition, timeout: 30000, conditionName: NoTransientCallbacksCondition}
2020-08-19 13:55:43.197721 <<< {isError: false, response: null, type: _extensionType, method: ext.flutter.driver}
2020-08-19 13:55:43.203873 >>> {command: tap, timeout: 30000, finderType: ByValueKey, keyValueString: increment, keyValueType: String}
2020-08-19 13:55:43.260169 <<< {isError: false, response: {}, type: _extensionType, method: ext.flutter.driver}
2020-08-19 13:55:43.262565 >>> {command: waitForCondition, timeout: 30000, conditionName: NoTransientCallbacksCondition}
2020-08-19 13:55:43.498444 <<< {isError: false, response: null, type: _extensionType, method: ext.flutter.driver}
2020-08-19 13:55:43.504622 >>> {command: tap, timeout: 30000, finderType: ByValueKey, keyValueString: increment, keyValueType: String}
2020-08-19 13:55:43.556640 <<< {isError: false, response: {}, type: _extensionType, method: ext.flutter.driver}
2020-08-19 13:55:43.557545 >>> {command: waitForCondition, timeout: 30000, conditionName: NoTransientCallbacksCondition}
2020-08-19 13:55:43.792687 <<< {isError: false, response: null, type: _extensionType, method: ext.flutter.driver}
2020-08-19 13:55:43.798925 >>> {command: tap, timeout: 30000, finderType: ByValueKey, keyValueString: increment, keyValueType: String}
2020-08-19 13:55:43.836333 <<< {isError: false, response: {}, type: _extensionType, method: ext.flutter.driver}
2020-08-19 13:55:43.836870 >>> {command: waitForCondition, timeout: 30000, conditionName: NoTransientCallbacksCondition}
2020-08-19 13:55:44.076183 <<< {isError: false, response: null, type: _extensionType, method: ext.flutter.driver}
2020-08-19 13:55:44.078873 >>> {command: tap, timeout: 30000, finderType: ByValueKey, keyValueString: increment, keyValueType: String}
2020-08-19 13:55:44.125228 <<< {isError: false, response: {}, type: _extensionType, method: ext.flutter.driver}
2020-08-19 13:55:44.127403 >>> {command: waitForCondition, timeout: 30000, conditionName: NoTransientCallbacksCondition}
2020-08-19 13:55:44.355316 <<< {isError: false, response: null, type: _extensionType, method: ext.flutter.driver}
2020-08-19 13:55:44.361066 >>> {command: tap, timeout: 30000, finderType: ByValueKey, keyValueString: increment, keyValueType: String}
2020-08-19 13:55:44.402451 <<< {isError: false, response: {}, type: _extensionType, method: ext.flutter.driver}
2020-08-19 13:55:44.405122 >>> {command: waitForCondition, timeout: 30000, conditionName: NoTransientCallbacksCondition}
2020-08-19 13:55:44.639723 <<< {isError: false, response: null, type: _extensionType, method: ext.flutter.driver}
2020-08-19 13:55:44.645906 >>> {command: tap, timeout: 30000, finderType: ByValueKey, keyValueString: increment, keyValueType: String}
2020-08-19 13:55:44.675260 <<< {isError: false, response: {}, type: _extensionType, method: ext.flutter.driver}
2020-08-19 13:55:44.676289 >>> {command: waitForCondition, timeout: 30000, conditionName: NoTransientCallbacksCondition}
2020-08-19 13:55:44.926923 <<< {isError: false, response: null, type: _extensionType, method: ext.flutter.driver}
2020-08-19 13:55:44.933203 >>> {command: tap, timeout: 30000, finderType: ByValueKey, keyValueString: increment, keyValueType: String}
2020-08-19 13:55:44.996509 <<< {isError: false, response: {}, type: _extensionType, method: ext.flutter.driver}
2020-08-19 13:55:44.998830 >>> {command: waitForCondition, timeout: 30000, conditionName: NoTransientCallbacksCondition}
2020-08-19 13:55:45.236386 <<< {isError: false, response: null, type: _extensionType, method: ext.flutter.driver}
2020-08-19 13:55:45.242648 >>> {command: tap, timeout: 30000, finderType: ByValueKey, keyValueString: increment, keyValueType: String}
2020-08-19 13:55:45.290194 <<< {isError: false, response: {}, type: _extensionType, method: ext.flutter.driver}
2020-08-19 13:55:45.290908 >>> {command: waitForCondition, timeout: 30000, conditionName: NoTransientCallbacksCondition}
2020-08-19 13:55:45.536089 <<< {isError: false, response: null, type: _extensionType, method: ext.flutter.driver}
2020-08-19 13:55:45.540124 >>> {command: waitForCondition, timeout: 30000, conditionName: NoTransientCallbacksCondition}
2020-08-19 13:55:45.552105 <<< {isError: false, response: null, type: _extensionType, method: ext.flutter.driver}
2020-08-19 13:55:45.552781 >>> {command: get_text, timeout: 30000, finderType: ByValueKey, keyValueString: counter, keyValueType: String}
2020-08-19 13:55:45.571975 <<< {isError: false, response: {text: 20}, type: _extensionType, method: ext.flutter.driver}
2020-08-19 13:55:45.573438 >>> {command: waitForCondition, timeout: 5000, conditionName: NoTransientCallbacksCondition}
2020-08-19 13:55:45.588611 <<< {isError: false, response: null, type: _extensionType, method: ext.flutter.driver}
2020-08-19 17:17:43.485131 >>> {command: get_health}
2020-08-19 17:17:44.301195 <<< {isError: false, response: {status: ok}, type: _extensionType, method: ext.flutter.driver}
2020-08-19 17:17:44.309235 >>> {command: waitForCondition, timeout: 30000, conditionName: NoTransientCallbacksCondition}
2020-08-19 17:17:44.347141 <<< {isError: false, response: null, type: _extensionType, method: ext.flutter.driver}
2020-08-19 17:17:44.348032 >>> {command: get_text, timeout: 30000, finderType: ByValueKey, keyValueString: counter, keyValueType: String}
2020-08-19 17:17:44.415648 <<< {isError: false, response: {text: 0}, type: _extensionType, method: ext.flutter.driver}
2020-08-19 17:17:44.419735 >>> {command: scrollIntoView, finderType: ByValueKey, keyValueString: increment, keyValueType: String, alignment: 0.0}
2020-08-19 17:17:44.455710 <<< {isError: false, response: {}, type: _extensionType, method: ext.flutter.driver}
2020-08-19 17:17:44.456701 >>> {command: tap, timeout: 30000, finderType: ByValueKey, keyValueString: increment, keyValueType: String}
2020-08-19 17:17:44.771595 <<< {isError: false, response: {}, type: _extensionType, method: ext.flutter.driver}
2020-08-19 17:17:44.777829 >>> {command: waitForCondition, timeout: 30000, conditionName: NoTransientCallbacksCondition}
2020-08-19 17:17:44.989373 <<< {isError: false, response: null, type: _extensionType, method: ext.flutter.driver}
2020-08-19 17:17:44.997427 >>> {command: waitForCondition, timeout: 30000, conditionName: NoTransientCallbacksCondition}
2020-08-19 17:17:45.012007 <<< {isError: false, response: null, type: _extensionType, method: ext.flutter.driver}
2020-08-19 17:17:45.013197 >>> {command: get_text, timeout: 30000, finderType: ByValueKey, keyValueString: counter, keyValueType: String}
2020-08-19 17:17:45.038198 <<< {isError: false, response: {text: 1}, type: _extensionType, method: ext.flutter.driver}
2020-08-19 17:17:45.040407 >>> {command: waitForCondition, conditionName: NoTransientCallbacksCondition}
2020-08-19 17:17:45.058237 <<< {isError: false, response: null, type: _extensionType, method: ext.flutter.driver}
2020-08-19 17:28:59.799913 >>> {command: get_health}
2020-08-19 17:28:59.927600 <<< {isError: false, response: {status: ok}, type: _extensionType, method: ext.flutter.driver}
2020-08-19 17:28:59.936641 >>> {command: waitForCondition, timeout: 30000, conditionName: NoTransientCallbacksCondition}
2020-08-19 17:29:00.094220 <<< {isError: true, response: Uncaught extension error while executing waitForCondition: 'package:flutter_driver/src/extension/extension.dart': Failed assertion: line 214 pos 14: 'WidgetsBinding.instance.isRootWidgetAttached || !command.requiresRootWidgetAttached': No root widget is attached; have you remembered to call runApp()?
#0      _AssertionError._doThrowNew (dart:core-patch/errors_patch.dart:46:39)
#1      _AssertionError._throwNew (dart:core-patch/errors_patch.dart:36:5)
#2      FlutterDriverExtension.call (package:flutter_driver/src/extension/extension.dart:214:14)
#3      BindingBase.registerServiceExtension.<anonymous closure> (package:flutter/src/foundation/binding.dart:549:32)
<asynchronous suspension>
#4      BindingBase.registerServiceExtension.<anonymous closure> (package:flutter/src/foundation/binding.dart)
#5      _runExtension (dart:developer-patch/developer.dart:84:23)
, type: _extensionType, method: ext.flutter.driver}
2020-08-19 17:29:00.100655 >>> {command: get_text, timeout: 30000, finderType: ByValueKey, keyValueString: counter, keyValueType: String}
2020-08-19 17:29:00.128325 <<< {isError: true, response: Uncaught extension error while executing get_text: 'package:flutter_driver/src/extension/extension.dart': Failed assertion: line 214 pos 14: 'WidgetsBinding.instance.isRootWidgetAttached || !command.requiresRootWidgetAttached': No root widget is attached; have you remembered to call runApp()?
#0      _AssertionError._doThrowNew (dart:core-patch/errors_patch.dart:46:39)
#1      _AssertionError._throwNew (dart:core-patch/errors_patch.dart:36:5)
#2      FlutterDriverExtension.call (package:flutter_driver/src/extension/extension.dart:214:14)
#3      BindingBase.registerServiceExtension.<anonymous closure> (package:flutter/src/foundation/binding.dart:549:32)
<asynchronous suspension>
#4      BindingBase.registerServiceExtension.<anonymous closure> (package:flutter/src/foundation/binding.dart)
#5      _runExtension (dart:developer-patch/developer.dart:84:23)
, type: _extensionType, method: ext.flutter.driver}
2020-08-19 17:29:00.132561 >>> {command: waitForCondition, timeout: 5000, conditionName: NoTransientCallbacksCondition}
2020-08-19 17:29:00.144380 <<< {isError: true, response: Uncaught extension error while executing waitForCondition: 'package:flutter_driver/src/extension/extension.dart': Failed assertion: line 214 pos 14: 'WidgetsBinding.instance.isRootWidgetAttached || !command.requiresRootWidgetAttached': No root widget is attached; have you remembered to call runApp()?
#0      _AssertionError._doThrowNew (dart:core-patch/errors_patch.dart:46:39)
#1      _AssertionError._throwNew (dart:core-patch/errors_patch.dart:36:5)
#2      FlutterDriverExtension.call (package:flutter_driver/src/extension/extension.dart:214:14)
#3      BindingBase.registerServiceExtension.<anonymous closure> (package:flutter/src/foundation/binding.dart:549:32)
<asynchronous suspension>
#4      BindingBase.registerServiceExtension.<anonymous closure> (package:flutter/src/foundation/binding.dart)
#5      _runExtension (dart:developer-patch/developer.dart:84:23)
, type: _extensionType, method: ext.flutter.driver}
