2020-08-19 13:56:14.388536 >>> {command: get_health}
2020-08-19 13:56:15.233016 <<< {isError: false, response: {status: ok}, type: _extensionType, method: ext.flutter.driver}
2020-08-19 13:56:15.241398 >>> {command: waitForCondition, timeout: 30000, conditionName: NoTransientCallbacksCondition}
2020-08-19 13:56:15.272614 <<< {isError: false, response: null, type: _extensionType, method: ext.flutter.driver}
2020-08-19 13:56:15.273239 >>> {command: get_text, timeout: 30000, finderType: ByValueKey, keyValueString: counter, keyValueType: String}
2020-08-19 13:56:15.349380 <<< {isError: false, response: {text: 0}, type: _extensionType, method: ext.flutter.driver}
2020-08-19 13:56:15.353172 >>> {command: tap, timeout: 30000, finderType: ByValueKey, keyValueString: increment, keyValueType: String}
2020-08-19 13:56:15.734917 <<< {isError: false, response: {}, type: _extensionType, method: ext.flutter.driver}
2020-08-19 13:56:15.737831 >>> {command: waitForCondition, timeout: 30000, conditionName: NoTransientCallbacksCondition}
2020-08-19 13:56:15.984793 <<< {isError: false, response: null, type: _extensionType, method: ext.flutter.driver}
2020-08-19 13:56:15.990764 >>> {command: tap, timeout: 30000, finderType: ByValueKey, keyValueString: increment, keyValueType: String}
2020-08-19 13:56:16.046253 <<< {isError: false, response: {}, type: _extensionType, method: ext.flutter.driver}
2020-08-19 13:56:16.048835 >>> {command: waitForCondition, timeout: 30000, conditionName: NoTransientCallbacksCondition}
2020-08-19 13:56:16.287294 <<< {isError: false, response: null, type: _extensionType, method: ext.flutter.driver}
2020-08-19 13:56:16.294623 >>> {command: waitForCondition, timeout: 30000, conditionName: NoTransientCallbacksCondition}
2020-08-19 13:56:16.306887 <<< {isError: false, response: null, type: _extensionType, method: ext.flutter.driver}
2020-08-19 13:56:16.307971 >>> {command: get_text, timeout: 30000, finderType: ByValueKey, keyValueString: counter, keyValueType: String}
2020-08-19 13:56:16.333970 <<< {isError: false, response: {text: 2}, type: _extensionType, method: ext.flutter.driver}
2020-08-19 13:56:16.335176 >>> {command: waitForCondition, timeout: 5000, conditionName: NoTransientCallbacksCondition}
2020-08-19 13:56:16.348567 <<< {isError: false, response: null, type: _extensionType, method: ext.flutter.driver}
2020-08-19 17:29:24.848739 >>> {command: get_health}
2020-08-19 17:29:24.994633 <<< {isError: false, response: {status: ok}, type: _extensionType, method: ext.flutter.driver}
2020-08-19 17:29:25.002711 >>> {command: waitForCondition, timeout: 30000, conditionName: NoTransientCallbacksCondition}
2020-08-19 17:29:25.172718 <<< {isError: true, response: Uncaught extension error while executing waitForCondition: 'package:flutter_driver/src/extension/extension.dart': Failed assertion: line 214 pos 14: 'WidgetsBinding.instance.isRootWidgetAttached || !command.requiresRootWidgetAttached': No root widget is attached; have you remembered to call runApp()?
#0      _AssertionError._doThrowNew (dart:core-patch/errors_patch.dart:46:39)
#1      _AssertionError._throwNew (dart:core-patch/errors_patch.dart:36:5)
#2      FlutterDriverExtension.call (package:flutter_driver/src/extension/extension.dart:214:14)
#3      BindingBase.registerServiceExtension.<anonymous closure> (package:flutter/src/foundation/binding.dart:549:32)
<asynchronous suspension>
#4      BindingBase.registerServiceExtension.<anonymous closure> (package:flutter/src/foundation/binding.dart)
#5      _runExtension (dart:developer-patch/developer.dart:84:23)
, type: _extensionType, method: ext.flutter.driver}
2020-08-19 17:29:25.178664 >>> {command: get_text, timeout: 30000, finderType: ByValueKey, keyValueString: counter, keyValueType: String}
2020-08-19 17:29:25.214804 <<< {isError: true, response: Uncaught extension error while executing get_text: 'package:flutter_driver/src/extension/extension.dart': Failed assertion: line 214 pos 14: 'WidgetsBinding.instance.isRootWidgetAttached || !command.requiresRootWidgetAttached': No root widget is attached; have you remembered to call runApp()?
#0      _AssertionError._doThrowNew (dart:core-patch/errors_patch.dart:46:39)
#1      _AssertionError._throwNew (dart:core-patch/errors_patch.dart:36:5)
#2      FlutterDriverExtension.call (package:flutter_driver/src/extension/extension.dart:214:14)
#3      BindingBase.registerServiceExtension.<anonymous closure> (package:flutter/src/foundation/binding.dart:549:32)
<asynchronous suspension>
#4      BindingBase.registerServiceExtension.<anonymous closure> (package:flutter/src/foundation/binding.dart)
#5      _runExtension (dart:developer-patch/developer.dart:84:23)
, type: _extensionType, method: ext.flutter.driver}
2020-08-19 17:29:25.219442 >>> {command: waitForCondition, timeout: 5000, conditionName: NoTransientCallbacksCondition}
2020-08-19 17:29:25.236669 <<< {isError: true, response: Uncaught extension error while executing waitForCondition: 'package:flutter_driver/src/extension/extension.dart': Failed assertion: line 214 pos 14: 'WidgetsBinding.instance.isRootWidgetAttached || !command.requiresRootWidgetAttached': No root widget is attached; have you remembered to call runApp()?
#0      _AssertionError._doThrowNew (dart:core-patch/errors_patch.dart:46:39)
#1      _AssertionError._throwNew (dart:core-patch/errors_patch.dart:36:5)
#2      FlutterDriverExtension.call (package:flutter_driver/src/extension/extension.dart:214:14)
#3      BindingBase.registerServiceExtension.<anonymous closure> (package:flutter/src/foundation/binding.dart:549:32)
<asynchronous suspension>
#4      BindingBase.registerServiceExtension.<anonymous closure> (package:flutter/src/foundation/binding.dart)
#5      _runExtension (dart:developer-patch/developer.dart:84:23)
, type: _extensionType, method: ext.flutter.driver}
