2020-08-19 13:56:01.315143 >>> {command: get_health}
2020-08-19 13:56:02.108572 <<< {isError: false, response: {status: ok}, type: _extensionType, method: ext.flutter.driver}
2020-08-19 13:56:02.116543 >>> {command: waitForCondition, timeout: 30000, conditionName: NoTransientCallbacksCondition}
2020-08-19 13:56:02.150701 <<< {isError: false, response: null, type: _extensionType, method: ext.flutter.driver}
2020-08-19 13:56:02.151234 >>> {command: get_text, timeout: 30000, finderType: ByValueKey, keyValueString: counter, keyValueType: String}
2020-08-19 13:56:02.210951 <<< {isError: false, response: {text: 0}, type: _extensionType, method: ext.flutter.driver}
2020-08-19 13:56:02.215372 >>> {command: scrollIntoView, finderType: ByValueKey, keyValueString: increment, keyValueType: String, alignment: 0.0}
2020-08-19 13:56:02.249762 <<< {isError: false, response: {}, type: _extensionType, method: ext.flutter.driver}
2020-08-19 13:56:02.250409 >>> {command: tap, timeout: 30000, finderType: ByValueKey, keyValueString: increment, keyValueType: String}
2020-08-19 13:56:02.558577 <<< {isError: false, response: {}, type: _extensionType, method: ext.flutter.driver}
2020-08-19 13:56:02.564688 >>> {command: waitForCondition, timeout: 30000, conditionName: NoTransientCallbacksCondition}
2020-08-19 13:56:02.793839 <<< {isError: false, response: null, type: _extensionType, method: ext.flutter.driver}
2020-08-19 13:56:02.801148 >>> {command: waitForCondition, timeout: 30000, conditionName: NoTransientCallbacksCondition}
2020-08-19 13:56:02.812312 <<< {isError: false, response: null, type: _extensionType, method: ext.flutter.driver}
2020-08-19 13:56:02.813426 >>> {command: get_text, timeout: 30000, finderType: ByValueKey, keyValueString: counter, keyValueType: String}
2020-08-19 13:56:02.832498 <<< {isError: false, response: {text: 1}, type: _extensionType, method: ext.flutter.driver}
2020-08-19 13:56:02.858531 >>> {command: scrollIntoView, finderType: ByText, text: Open page 2, alignment: 0.0}
2020-08-19 13:56:02.917580 <<< {isError: false, response: {}, type: _extensionType, method: ext.flutter.driver}
2020-08-19 13:56:02.920269 >>> {command: tap, timeout: 30000, finderType: ByText, text: Open page 2}
2020-08-19 13:56:03.006585 <<< {isError: false, response: {}, type: _extensionType, method: ext.flutter.driver}
2020-08-19 13:56:03.008668 >>> {command: waitForCondition, timeout: 30000, conditionName: NoTransientCallbacksCondition}
2020-08-19 13:56:03.439948 <<< {isError: false, response: null, type: _extensionType, method: ext.flutter.driver}
2020-08-19 13:56:03.449137 >>> {command: waitFor, timeout: 1000, finderType: ByText, text: Contents of page 2}
2020-08-19 13:56:03.466972 <<< {isError: false, response: {}, type: _extensionType, method: ext.flutter.driver}
2020-08-19 13:56:03.471325 >>> {command: tap, timeout: 30000, finderType: PageBack}
2020-08-19 13:56:03.589789 <<< {isError: false, response: {}, type: _extensionType, method: ext.flutter.driver}
2020-08-19 13:56:03.595940 >>> {command: waitForCondition, timeout: 30000, conditionName: NoTransientCallbacksCondition}
2020-08-19 13:56:04.039298 <<< {isError: false, response: null, type: _extensionType, method: ext.flutter.driver}
2020-08-19 13:56:04.046633 >>> {command: waitForCondition, timeout: 30000, conditionName: NoTransientCallbacksCondition}
2020-08-19 13:56:04.065931 <<< {isError: false, response: null, type: _extensionType, method: ext.flutter.driver}
2020-08-19 13:56:04.066665 >>> {command: get_text, timeout: 30000, finderType: ByValueKey, keyValueString: counter, keyValueType: String}
2020-08-19 13:56:04.087445 <<< {isError: false, response: {text: 1}, type: _extensionType, method: ext.flutter.driver}
2020-08-19 13:56:04.088993 >>> {command: waitForCondition, timeout: 5000, conditionName: NoTransientCallbacksCondition}
2020-08-19 13:56:04.103092 <<< {isError: false, response: null, type: _extensionType, method: ext.flutter.driver}
2020-08-19 17:29:14.818106 >>> {command: get_health}
2020-08-19 17:29:14.944878 <<< {isError: false, response: {status: ok}, type: _extensionType, method: ext.flutter.driver}
2020-08-19 17:29:14.965383 >>> {command: waitFor, timeout: 1000, finderType: ByType, type: Drawer}
2020-08-19 17:29:15.142831 <<< {isError: true, response: Uncaught extension error while executing waitFor: 'package:flutter_driver/src/extension/extension.dart': Failed assertion: line 214 pos 14: 'WidgetsBinding.instance.isRootWidgetAttached || !command.requiresRootWidgetAttached': No root widget is attached; have you remembered to call runApp()?
#0      _AssertionError._doThrowNew (dart:core-patch/errors_patch.dart:46:39)
#1      _AssertionError._throwNew (dart:core-patch/errors_patch.dart:36:5)
#2      FlutterDriverExtension.call (package:flutter_driver/src/extension/extension.dart:214:14)
#3      BindingBase.registerServiceExtension.<anonymous closure> (package:flutter/src/foundation/binding.dart:549:32)
<asynchronous suspension>
#4      BindingBase.registerServiceExtension.<anonymous closure> (package:flutter/src/foundation/binding.dart)
#5      _runExtension (dart:developer-patch/developer.dart:84:23)
, type: _extensionType, method: ext.flutter.driver}
2020-08-19 17:29:15.151777 >>> {command: tap, finderType: ByTooltipMessage, text: Open navigation menu}
2020-08-19 17:29:15.168431 <<< {isError: true, response: Uncaught extension error while executing tap: 'package:flutter_driver/src/extension/extension.dart': Failed assertion: line 214 pos 14: 'WidgetsBinding.instance.isRootWidgetAttached || !command.requiresRootWidgetAttached': No root widget is attached; have you remembered to call runApp()?
#0      _AssertionError._doThrowNew (dart:core-patch/errors_patch.dart:46:39)
#1      _AssertionError._throwNew (dart:core-patch/errors_patch.dart:36:5)
#2      FlutterDriverExtension.call (package:flutter_driver/src/extension/extension.dart:214:14)
#3      BindingBase.registerServiceExtension.<anonymous closure> (package:flutter/src/foundation/binding.dart:549:32)
<asynchronous suspension>
#4      BindingBase.registerServiceExtension.<anonymous closure> (package:flutter/src/foundation/binding.dart)
#5      _runExtension (dart:developer-patch/developer.dart:84:23)
, type: _extensionType, method: ext.flutter.driver}
2020-08-19 17:29:15.171500 >>> {command: waitForCondition, timeout: 5000, conditionName: NoTransientCallbacksCondition}
2020-08-19 17:29:15.204394 <<< {isError: true, response: Uncaught extension error while executing waitForCondition: 'package:flutter_driver/src/extension/extension.dart': Failed assertion: line 214 pos 14: 'WidgetsBinding.instance.isRootWidgetAttached || !command.requiresRootWidgetAttached': No root widget is attached; have you remembered to call runApp()?
#0      _AssertionError._doThrowNew (dart:core-patch/errors_patch.dart:46:39)
#1      _AssertionError._throwNew (dart:core-patch/errors_patch.dart:36:5)
#2      FlutterDriverExtension.call (package:flutter_driver/src/extension/extension.dart:214:14)
#3      BindingBase.registerServiceExtension.<anonymous closure> (package:flutter/src/foundation/binding.dart:549:32)
<asynchronous suspension>
#4      BindingBase.registerServiceExtension.<anonymous closure> (package:flutter/src/foundation/binding.dart)
#5      _runExtension (dart:developer-patch/developer.dart:84:23)
, type: _extensionType, method: ext.flutter.driver}
